<?xml version="1.0" encoding="UTF-8"?>
<!-- Generated by org.testng.reporters.JUnitXMLReporter -->
<testsuite ignored="6" hostname="Admins-MacBook-Pro.local" failures="0" tests="1" name="Surefire test" time="3.518" errors="0" timestamp="2025-02-22T11:03:06 WIB">
  <testcase classname="restapi.RestApiTest" name="deleteObject" time="3.425"/>
  <testcase classname="restapi.RestApiTest" name="listAllOfObject" time="0.0">
    <ignored/>
  </testcase> <!-- listAllOfObject -->
  <testcase classname="restapi.RestApiTest" name="listOfObjectByIds" time="0.0">
    <ignored/>
  </testcase> <!-- listOfObjectByIds -->
  <testcase classname="restapi.RestApiTest" name="partiallyUpdateObject" time="0.0">
    <ignored/>
  </testcase> <!-- partiallyUpdateObject -->
  <testcase classname="restapi.RestApiTest" name="singleObject" time="0.0">
    <ignored/>
  </testcase> <!-- singleObject -->
  <testcase classname="restapi.RestApiTest" name="updateObject" time="0.0">
    <ignored/>
  </testcase> <!-- updateObject -->
  <testcase classname="restapi.RestApiTest" name="addObject" time="0.0">
    <ignored/>
  </testcase> <!-- addObject -->
</testsuite> <!-- Surefire test -->
