<?xml version="1.0" encoding="UTF-8"?>
<testng-results ignored="0" total="1" passed="1" failed="0" skipped="0">
  <reporter-output>
  </reporter-output>
  <suite started-at="2025-02-22T11:03:02 WIB" name="Surefire suite" finished-at="2025-02-22T11:03:06 WIB" duration-ms="3518">
    <groups>
    </groups>
    <test started-at="2025-02-22T11:03:02 WIB" name="Surefire test" finished-at="2025-02-22T11:03:06 WIB" duration-ms="3518">
      <class name="restapi.RestApiTest">
        <test-method signature="deleteObject()[pri:0, instance:restapi.RestApiTest@6b67034]" started-at="2025-02-22T11:03:02 WIB" name="deleteObject" finished-at="2025-02-22T11:03:06 WIB" duration-ms="3425" status="PASS">
          <reporter-output>
          </reporter-output>
        </test-method> <!-- deleteObject -->
      </class> <!-- restapi.RestApiTest -->
    </test> <!-- Surefire test -->
  </suite> <!-- Surefire suite -->
</testng-results>
