<?xml version="1.0" encoding="UTF-8"?>
<testng-results ignored="0" total="1" passed="1" failed="0" skipped="0">
  <reporter-output>
  </reporter-output>
  <suite started-at="2025-02-22T12:03:49 WIB" name="Surefire suite" finished-at="2025-02-22T12:03:55 WIB" duration-ms="5821">
    <groups>
    </groups>
    <test started-at="2025-02-22T12:03:49 WIB" name="Surefire test" finished-at="2025-02-22T12:03:55 WIB" duration-ms="5821">
      <class name="restapi.scenario.E2eTest">
        <test-method signature="scenarioE2eTest()[pri:0, instance:restapi.scenario.E2eTest@5606c0b]" started-at="2025-02-22T12:03:49 WIB" name="scenarioE2eTest" finished-at="2025-02-22T12:03:55 WIB" duration-ms="5719" status="PASS">
          <reporter-output>
          </reporter-output>
        </test-method> <!-- scenarioE2eTest -->
      </class> <!-- restapi.scenario.E2eTest -->
    </test> <!-- Surefire test -->
  </suite> <!-- Surefire suite -->
</testng-results>
